[debug] [2024-09-04T21:22:27.958Z] ----------------------------------------------------------------------
[debug] [2024-09-04T21:22:27.961Z] Command:       C:\Program Files\nodejs\node.exe C:\Users\ququq\AppData\Roaming\npm\node_modules\firebase-tools\lib\bin\firebase.js init
[debug] [2024-09-04T21:22:27.961Z] CLI Version:   13.16.0
[debug] [2024-09-04T21:22:27.961Z] Platform:      win32
[debug] [2024-09-04T21:22:27.961Z] Node Version:  v20.17.0
[debug] [2024-09-04T21:22:27.961Z] Time:          Wed Sep 04 2024 17:22:27 GMT-0400 (Eastern Daylight Time)
[debug] [2024-09-04T21:22:27.962Z] ----------------------------------------------------------------------
[debug] 
[debug] [2024-09-04T21:22:28.024Z] > command requires scopes: ["email","openid","https://www.googleapis.com/auth/cloudplatformprojects.readonly","https://www.googleapis.com/auth/firebase","https://www.googleapis.com/auth/cloud-platform"]
[debug] [2024-09-04T21:22:28.025Z] > authorizing via signed-in user (quentin.mulliez.perso@gmail.com)
[info] 
     ######## #### ########  ######## ########     ###     ######  ########
     ##        ##  ##     ## ##       ##     ##  ##   ##  ##       ##
     ######    ##  ########  ######   ########  #########  ######  ######
     ##        ##  ##    ##  ##       ##     ## ##     ##       ## ##
     ##       #### ##     ## ######## ########  ##     ##  ######  ########

You're about to initialize a Firebase project in this directory:

  C:\Users\ququq\Desktop\githublocal\Druw-perso

Before we get started, keep in mind:

  * You are initializing within an existing Firebase project directory

